<?xml version="1.0" encoding="UTF-8"?>
<!-- Generated by org.testng.reporters.JUnitXMLReporter -->
<testsuite ignored="0" hostname="DESKTOP-NSS53AG" failures="0" tests="12" name="Test" time="0.108" errors="0" timestamp="2022-12-25T19:51:42 IST">
  <testcase classname="Friday5th.TestCase3" name="m7" time="0.005"/>
  <testcase classname="Friday5th.TestCase3" name="m8" time="0.002"/>
  <testcase classname="Friday5th.TestCase3" name="m9" time="0.005"/>
  <testcase classname="Friday5th.TestCase2" name="m4" time="0.001"/>
  <testcase classname="Friday5th.TestCase2" name="m5" time="0.001"/>
  <testcase classname="Friday5th.TestCase2" name="m6" time="0.001"/>
  <testcase classname="Friday5th.TestCase4" name="m10" time="0.002"/>
  <testcase classname="Friday5th.TestCase4" name="m11" time="0.002"/>
  <testcase classname="Friday5th.TestCase4" name="m12" time="0.001"/>
  <testcase classname="Friday5th.TaseCase1" name="m1" time="0.004"/>
  <testcase classname="Friday5th.TaseCase1" name="m2" time="0.002"/>
  <testcase classname="Friday5th.TaseCase1" name="m3" time="0.003"/>
</testsuite> <!-- Test -->
