<?xml version="1.0" encoding="UTF-8"?>
<!-- Generated by org.testng.reporters.JUnitXMLReporter -->
<testsuite ignored="0" hostname="DESKTOP-NSS53AG" failures="0" tests="6" name="Chrome Test" time="8.367" errors="0" timestamp="2022-08-10T20:13:21 IST">
  <testcase classname="allbrowser.allbrowsertestingpractice" name="Crossbrowser" time="3.719"/>
  <testcase classname="allbrowser.allbrowsertestingpractice" name="verifycurrenturl" time="0.01"/>
  <testcase classname="allbrowser.allbrowsertestingpractice" name="verifyPageTitle" time="0.018"/>
  <testcase classname="allbrowser.allbrowsertestingpractice" name="verifyUsernamefield" time="0.14"/>
  <testcase classname="allbrowser.allbrowsertestingpractice" name="verifyPasswordfield" time="0.133"/>
  <testcase classname="allbrowser.allbrowsertestingpractice" name="clickLoginBtn" time="4.275"/>
</testsuite> <!-- Chrome Test -->
