<?xml version="1.0" encoding="UTF-8"?>
<!-- Generated by org.testng.reporters.JUnitXMLReporter -->
<testsuite ignored="0" hostname="DESKTOP-NSS53AG" failures="0" tests="3" name="Default test" time="0.12" errors="0" timestamp="2023-04-13T21:12:03 IST">
  <testcase classname="veloc30Apriltg.annotationPractice" name="profilePageTest" time="0.013"/>
  <testcase classname="veloc30Apriltg.annotationPractice" name="homePageTest" time="0.006"/>
  <testcase classname="veloc30Apriltg.annotationPractice" name="notificationPageTest" time="0.003"/>
</testsuite> <!-- Default test -->
